[33m    /¯¯\
[36m /¯¯[33m\__/[32m¯¯\[0m    Cilium:             [32mOK[0m
[36m \__[31m/¯¯\[32m__/[0m    Operator:           [32mOK[0m
[32m /¯¯[31m\__/[35m¯¯\[0m    Envoy DaemonSet:    [32mOK[0m
[32m \__[34m/¯¯\[35m__/[0m    Hubble Relay:       [32mOK[0m
[34m[34m[34m    \__/[0m       ClusterMesh:        [36mdisabled[0m

DaemonSet              cilium             Desired: 4, Ready: [32m4/4[0m, Available: [32m4/4[0m
DaemonSet              cilium-envoy       Desired: 4, Ready: [32m4/4[0m, Available: [32m4/4[0m
Deployment             cilium-operator    Desired: 2, Ready: [32m2/2[0m, Available: [32m2/2[0m
Deployment             hubble-relay       Desired: 1, Ready: [32m1/1[0m, Available: [32m1/1[0m
Deployment             hubble-ui          Desired: 1, Ready: [32m1/1[0m, Available: [32m1/1[0m
Containers:            cilium             Running: [32m4[0m
                       cilium-envoy       Running: [32m4[0m
                       cilium-operator    Running: [32m2[0m
                       hubble-relay       Running: [32m1[0m
                       hubble-ui          Running: [32m1[0m
Cluster Pods:          15/15 managed by Cilium
Helm chart version:    
Image versions         cilium             quay.io/cilium/cilium:v1.16.3@sha256:62d2a09bbef840a46099ac4c69421c90f84f28d018d479749049011329aa7f28: 4
                       cilium-envoy       quay.io/cilium/cilium-envoy:v1.29.9-1728346947-0d05e48bfbb8c4737ec40d5781d970a550ed2bbd@sha256:42614a44e508f70d03a04470df5f61e3cffd22462471a0be0544cf116f2c50ba: 4
                       cilium-operator    quay.io/cilium/operator-generic:v1.16.3@sha256:6e2925ef47a1c76e183c48f95d4ce0d34a1e5e848252f910476c3e11ce1ec94b: 2
                       hubble-relay       quay.io/cilium/hubble-relay:v1.16.3@sha256:feb60efd767e0e7863a94689f4a8db56a0acc7c1d2b307dee66422e3dc25a089: 1
                       hubble-ui          quay.io/cilium/hubble-ui-backend:v0.13.1@sha256:0e0eed917653441fded4e7cdb096b7be6a3bddded5a2dd10812a27b1fc6ed95b: 1
                       hubble-ui          quay.io/cilium/hubble-ui:v0.13.1@sha256:e2e9313eb7caf64b0061d9da0efbdad59c6c461f6ca1752768942bfeda0796c6: 1
